<?xml version="1.0" encoding="UTF-8"?>
<!-- Generated by org.testng.reporters.JUnitXMLReporter -->
<testsuite hostname="DESKTOP-MQDCCMD" ignored="0" name="Default test" tests="7" failures="3" timestamp="2022-09-08T08:49:07 IST" time="5.821" errors="0">
  <testcase name="runScenario" time="4.982" classname="io.cucumber.testng.AbstractTestNGCucumberTests"/>
  <testcase name="runScenario" time="4.995" classname="io.cucumber.testng.AbstractTestNGCucumberTests"/>
  <testcase name="runScenario" time="4.984" classname="io.cucumber.testng.AbstractTestNGCucumberTests"/>
  <testcase name="runScenario" time="4.986" classname="io.cucumber.testng.AbstractTestNGCucumberTests">
    <failure type="java.lang.AssertionError" message="expected [true] but found [false]">
      <![CDATA[java.lang.AssertionError: expected [true] but found [false]
at org.testng.Assert.fail(Assert.java:99)
at org.testng.Assert.failNotEquals(Assert.java:1037)
at org.testng.Assert.assertTrue(Assert.java:45)
at org.testng.Assert.assertTrue(Assert.java:55)
at gluecode.StepDefs2.method3(StepDefs2.java:88)
at ✽.status code is "400" as per "wrong" and content type is "application/json"(file:///D:/api_restassured/org.magnitia.restassured-BDDcucumber-pico-testng/src/test/resources/features/feature2.feature:27)
]]>
    </failure>
  </testcase> <!-- runScenario -->
  <testcase name="runScenario" time="5.003" classname="io.cucumber.testng.AbstractTestNGCucumberTests"/>
  <testcase name="runScenario" time="5.01" classname="io.cucumber.testng.AbstractTestNGCucumberTests">
    <failure type="java.lang.AssertionError" message="expected [true] but found [false]">
      <![CDATA[java.lang.AssertionError: expected [true] but found [false]
at org.testng.Assert.fail(Assert.java:99)
at org.testng.Assert.failNotEquals(Assert.java:1037)
at org.testng.Assert.assertTrue(Assert.java:45)
at org.testng.Assert.assertTrue(Assert.java:55)
at gluecode.StepDefs2.method1(StepDefs2.java:43)
at ✽.status code is "400" as per "blank" in json response body(file:///D:/api_restassured/org.magnitia.restassured-BDDcucumber-pico-testng/src/test/resources/features/feature2.feature:10)
]]>
    </failure>
  </testcase> <!-- runScenario -->
  <testcase name="runScenario" time="5.009" classname="io.cucumber.testng.AbstractTestNGCucumberTests">
    <failure type="java.lang.AssertionError" message="expected [true] but found [false]">
      <![CDATA[java.lang.AssertionError: expected [true] but found [false]
at org.testng.Assert.fail(Assert.java:99)
at org.testng.Assert.failNotEquals(Assert.java:1037)
at org.testng.Assert.assertTrue(Assert.java:45)
at org.testng.Assert.assertTrue(Assert.java:55)
at gluecode.StepDefs2.method3(StepDefs2.java:88)
at ✽.status code is "200" as per "duplicate" and content type is "application/json"(file:///D:/api_restassured/org.magnitia.restassured-BDDcucumber-pico-testng/src/test/resources/features/feature2.feature:27)
]]>
    </failure>
  </testcase> <!-- runScenario -->
</testsuite> <!-- Default test -->
